{
  "RSpec": {
    "coverage": {
      "/home/saasbook/Documents/seltproject11713/app/controllers/application_controller.rb": [
        1,
        1,
        null,
        1,
        null,
        1,
        0,
        null,
        null
      ],
      "/home/saasbook/Documents/seltproject11713/app/helpers/application_helper.rb": [
        1,
        null
      ],
      "/home/saasbook/Documents/seltproject11713/app/helpers/jobs_helper.rb": [
        1,
        null
      ],
      "/home/saasbook/Documents/seltproject11713/app/helpers/users_helper.rb": [
        1,
        null
      ],
      "/home/saasbook/Documents/seltproject11713/app/controllers/jobs_controller.rb": [
        1,
        null,
        1,
        null,
        null,
        null
      ],
      "/home/saasbook/Documents/seltproject11713/app/models/job.rb": [
        1,
        null,
        null
      ],
      "/home/saasbook/Documents/seltproject11713/app/controllers/panels_controller.rb": [
        1,
        null,
        1,
        null,
        null,
        1,
        null,
        null,
        null,
        1,
        0,
        null,
        null,
        1,
        0,
        null,
        null
      ],
      "/home/saasbook/Documents/seltproject11713/app/controllers/sessions_controller.rb": [
        1,
        1,
        null,
        null,
        1,
        0,
        0,
        0,
        0,
        null,
        0,
        0,
        null,
        null,
        null,
        1,
        0,
        0,
        null,
        null,
        null,
        null
      ],
      "/home/saasbook/Documents/seltproject11713/app/controllers/users_controller.rb": [
        1,
        null,
        1,
        null,
        null,
        1,
        0,
        0,
        null,
        0,
        0,
        0,
        null,
        0,
        0,
        null,
        null,
        null,
        null
      ],
      "/home/saasbook/Documents/seltproject11713/app/models/user.rb": [
        1,
        1,
        null,
        null,
        1,
        1,
        null,
        1,
        0,
        0,
        0,
        null,
        0,
        null,
        null,
        null,
        1,
        4,
        4,
        4,
        4,
        4,
        0,
        0,
        null,
        null,
        4,
        1,
        1,
        null,
        0,
        null,
        null,
        4,
        4,
        null,
        4,
        0,
        0,
        0,
        null,
        4,
        null,
        null,
        null,
        null,
        null,
        null,
        null,
        null
      ]
    },
    "timestamp": 1383862052
  }
}
