{
  "RSpec": {
    "coverage": {
      "/home/saasbook/Desktop/sprint2/app/controllers/application_controller.rb": [
        1,
        1,
        null,
        1,
        null,
        1,
        22,
        null,
        null
      ],
      "/home/saasbook/Desktop/sprint2/app/helpers/application_helper.rb": [
        1,
        null
      ],
      "/home/saasbook/Desktop/sprint2/app/helpers/jobs_helper.rb": [
        1,
        null
      ],
      "/home/saasbook/Desktop/sprint2/app/helpers/users_helper.rb": [
        1,
        null
      ],
      "/home/saasbook/Desktop/sprint2/app/controllers/jobs_controller.rb": [
        1,
        1,
        1,
        null,
        1,
        0,
        0,
        0,
        null,
        null,
        null,
        1,
        0,
        0,
        0,
        0,
        null,
        null,
        null,
        1,
        null,
        null,
        1,
        null,
        null,
        1,
        2,
        null,
        2,
        1,
        1,
        null,
        1,
        1,
        null,
        null,
        null,
        1,
        1,
        1,
        null,
        null,
        1,
        1,
        null,
        null,
        1,
        2,
        2,
        2,
        1,
        1,
        null,
        1,
        1,
        null,
        null,
        null,
        1,
        1,
        1,
        1,
        1,
        null,
        1,
        1,
        null,
        null,
        1,
        null,
        1,
        null,
        1,
        null,
        null,
        null,
        null,
        null
      ],
      "/home/saasbook/Desktop/sprint2/app/models/job.rb": [
        1,
        1,
        null,
        1,
        1,
        1,
        null,
        1,
        1,
        1,
        1,
        1,
        1,
        1,
        1,
        1,
        1,
        null,
        1,
        1,
        null,
        null,
        1,
        null,
        null,
        1,
        1,
        1,
        1,
        1,
        1,
        1,
        1,
        1,
        null,
        1,
        1,
        null,
        null,
        1,
        null,
        null,
        null
      ],
      "/home/saasbook/Desktop/sprint2/app/controllers/panels_controller.rb": [
        1,
        null,
        1,
        null,
        null,
        1,
        null,
        null,
        null,
        1,
        null,
        null,
        null,
        1,
        null,
        null,
        null
      ],
      "/home/saasbook/Desktop/sprint2/app/controllers/profiles_controller.rb": [
        1,
        1,
        null,
        1,
        1,
        null,
        1,
        1,
        null,
        null,
        1,
        2,
        2,
        2,
        1,
        1,
        null,
        1,
        1,
        1,
        null,
        null,
        null
      ],
      "/home/saasbook/Desktop/sprint2/app/models/profile.rb": [
        1,
        1,
        null,
        1,
        null,
        1,
        null,
        1,
        1,
        1,
        1,
        1,
        1,
        1,
        1,
        1,
        1,
        null,
        1,
        1,
        1,
        null,
        null,
        1,
        null,
        null,
        1,
        1,
        1,
        1,
        1,
        1,
        1,
        1,
        1,
        null,
        1,
        1,
        1,
        null,
        1,
        1,
        null,
        null
      ],
      "/home/saasbook/Desktop/sprint2/app/controllers/sessions_controller.rb": [
        1,
        1,
        null,
        null,
        1,
        2,
        2,
        2,
        1,
        1,
        null,
        1,
        1,
        null,
        null,
        null,
        1,
        1,
        1,
        null,
        null,
        null,
        null
      ],
      "/home/saasbook/Desktop/sprint2/app/controllers/users_controller.rb": [
        1,
        1,
        1,
        1,
        0,
        0,
        0,
        null,
        null,
        null,
        1,
        0,
        0,
        0,
        0,
        null,
        null,
        null,
        1,
        null,
        null,
        1,
        null,
        null,
        1,
        null,
        null,
        1,
        1,
        null,
        null,
        1,
        2,
        2,
        2,
        2,
        1,
        1,
        null,
        1,
        1,
        null,
        null,
        null,
        null,
        1,
        3,
        3,
        null,
        3,
        1,
        1,
        null,
        2,
        2,
        null,
        null,
        null,
        1,
        0,
        null,
        null,
        1,
        null,
        null,
        null,
        null
      ],
      "/home/saasbook/Desktop/sprint2/app/models/user.rb": [
        1,
        1,
        1,
        null,
        1,
        null,
        null,
        1,
        1,
        null,
        1,
        2,
        2,
        1,
        null,
        1,
        null,
        null,
        null,
        1,
        14,
        14,
        14,
        14,
        14,
        14,
        14,
        1,
        2,
        null,
        null,
        14,
        2,
        1,
        null,
        1,
        null,
        null,
        14,
        1,
        null,
        14,
        10,
        10,
        10,
        10,
        10,
        null,
        4,
        4,
        null,
        null,
        null,
        1,
        2,
        2,
        2,
        2,
        2,
        2,
        null,
        2,
        2,
        2,
        0,
        null,
        null,
        2,
        2,
        2,
        null,
        2,
        2,
        null,
        null,
        2,
        2,
        null,
        2,
        1,
        1,
        1,
        1,
        null,
        1,
        1,
        1,
        null,
        1,
        1,
        null,
        null,
        null,
        null,
        null
      ]
    },
    "timestamp": 1385185569
  }
}
